<?xml version="1.0" encoding="UTF-8"?>
<!-- Generated by org.testng.reporters.JUnitXMLReporter -->
<testsuite ignored="0" hostname="LAPTOP-PCMJ85EN" failures="0" tests="7" name="Default test" time="5.065" errors="0" timestamp="2024-02-04T19:11:49 ICT">
  <testcase classname="demo.Example1Test" name="TC01_StatusCodeTest" time="0.023"/>
  <testcase classname="demo.Example1Test" name="TC02_IdChecked" time="0.005"/>
  <testcase classname="demo.Example1Test" name="TC03_CreatedAtChecked" time="0.003"/>
  <testcase classname="demo.Example1Test" name="TC04_verifyOnMatchingName" time="0.836"/>
  <testcase classname="demo.Example1Test" name="TC05_verifyOnMatchingGender" time="0.024"/>
  <testcase classname="demo.Example1Test" name="TC06_verifyOnMatchingAge" time="0.018"/>
  <testcase classname="demo.Example1Test" name="TC07_verifyOnMatchingJob" time="0.022"/>
</testsuite> <!-- Default test -->
