<?xml version="1.0" encoding="UTF-8"?>
<!-- Generated by org.testng.reporters.JUnitXMLReporter -->
<testsuite ignored="0" hostname="LAPTOP-PCMJ85EN" failures="3" tests="3" name="inValidPost" time="0.024" errors="0" timestamp="2024-02-04T18:58:47 ICT">
  <testcase classname="demo.Example2Test" name="TC01_StatusCodeTest" time="0.003">
    <failure type="java.lang.NullPointerException" message="Cannot invoke &amp;quot;io.restassured.response.Response.getStatusCode()&amp;quot; because &amp;quot;this.response&amp;quot; is null">
      <![CDATA[java.lang.NullPointerException: Cannot invoke "io.restassured.response.Response.getStatusCode()" because "this.response" is null
at demo.Example2Test.TC01_StatusCodeTest(Example2Test.java:40)
at java.base/java.util.ArrayList.forEach(ArrayList.java:1511)
... Removed 25 stack frames]]>
    </failure>
  </testcase> <!-- TC01_StatusCodeTest -->
  <testcase classname="demo.Example2Test" name="TC02_MessageChecked" time="0.003">
    <failure type="java.lang.NullPointerException" message="Cannot invoke &amp;quot;io.restassured.response.ResponseBody.asString()&amp;quot; because &amp;quot;this.resBody&amp;quot; is null">
      <![CDATA[java.lang.NullPointerException: Cannot invoke "io.restassured.response.ResponseBody.asString()" because "this.resBody" is null
at demo.Example2Test.TC02_MessageChecked(Example2Test.java:44)
at java.base/java.util.ArrayList.forEach(ArrayList.java:1511)
... Removed 25 stack frames]]>
    </failure>
  </testcase> <!-- TC02_MessageChecked -->
  <testcase classname="demo.Example2Test" name="TC03_verifyOnMessageContainName" time="0.002">
    <failure type="java.lang.NullPointerException" message="Cannot invoke &amp;quot;io.restassured.path.json.JsonPath.get(String)&amp;quot; because &amp;quot;this.bodyJson&amp;quot; is null">
      <![CDATA[java.lang.NullPointerException: Cannot invoke "io.restassured.path.json.JsonPath.get(String)" because "this.bodyJson" is null
at demo.Example2Test.TC03_verifyOnMessageContainName(Example2Test.java:48)
at java.base/java.util.ArrayList.forEach(ArrayList.java:1511)
... Removed 25 stack frames]]>
    </failure>
  </testcase> <!-- TC03_verifyOnMessageContainName -->
</testsuite> <!-- inValidPost -->
