<?xml version="1.0" encoding="UTF-8"?>
<!-- Generated by org.testng.reporters.JUnitXMLReporter -->
<testsuite ignored="0" hostname="LAPTOP-PCMJ85EN" failures="0" tests="7" name="validPost" time="5.209" errors="0" timestamp="2024-02-04T18:58:47 ICT">
  <testcase classname="demo.Example1Test" name="TC01_StatusCodeTest" time="0.019"/>
  <testcase classname="demo.Example1Test" name="TC02_IdChecked" time="0.002"/>
  <testcase classname="demo.Example1Test" name="TC03_CreatedAtChecked" time="0.003"/>
  <testcase classname="demo.Example1Test" name="TC04_verifyOnMatchingName" time="0.84"/>
  <testcase classname="demo.Example1Test" name="TC05_verifyOnMatchingGender" time="0.018"/>
  <testcase classname="demo.Example1Test" name="TC06_verifyOnMatchingAge" time="0.021"/>
  <testcase classname="demo.Example1Test" name="TC07_verifyOnMatchingJob" time="0.024"/>
</testsuite> <!-- validPost -->
