<?xml version="1.0" encoding="UTF-8"?>
<testng-results ignored="0" total="7" passed="7" failed="0" skipped="0">
  <reporter-output>
  </reporter-output>
  <suite started-at="2024-02-04T19:11:44 ICT" name="Default suite" finished-at="2024-02-04T19:11:49 ICT" duration-ms="5065">
    <groups>
    </groups>
    <test started-at="2024-02-04T19:11:44 ICT" name="Default test" finished-at="2024-02-04T19:11:49 ICT" duration-ms="5065">
      <class name="demo.Example1Test">
        <test-method is-config="true" signature="init()[pri:0, instance:demo.Example1Test@74fe5c40]" started-at="2024-02-04T19:11:44 ICT" name="init" finished-at="2024-02-04T19:11:48 ICT" duration-ms="4045" status="PASS">
          <reporter-output>
          </reporter-output>
        </test-method> <!-- init -->
        <test-method signature="TC01_StatusCodeTest()[pri:0, instance:demo.Example1Test@74fe5c40]" started-at="2024-02-04T19:11:48 ICT" name="TC01_StatusCodeTest" finished-at="2024-02-04T19:11:48 ICT" duration-ms="23" status="PASS">
          <reporter-output>
          </reporter-output>
        </test-method> <!-- TC01_StatusCodeTest -->
        <test-method signature="TC02_IdChecked()[pri:0, instance:demo.Example1Test@74fe5c40]" started-at="2024-02-04T19:11:48 ICT" name="TC02_IdChecked" finished-at="2024-02-04T19:11:48 ICT" duration-ms="5" status="PASS">
          <reporter-output>
          </reporter-output>
        </test-method> <!-- TC02_IdChecked -->
        <test-method signature="TC03_CreatedAtChecked()[pri:0, instance:demo.Example1Test@74fe5c40]" started-at="2024-02-04T19:11:48 ICT" name="TC03_CreatedAtChecked" finished-at="2024-02-04T19:11:48 ICT" duration-ms="3" status="PASS">
          <reporter-output>
          </reporter-output>
        </test-method> <!-- TC03_CreatedAtChecked -->
        <test-method signature="TC04_verifyOnMatchingName()[pri:0, instance:demo.Example1Test@74fe5c40]" started-at="2024-02-04T19:11:48 ICT" name="TC04_verifyOnMatchingName" finished-at="2024-02-04T19:11:49 ICT" duration-ms="836" status="PASS">
          <reporter-output>
          </reporter-output>
        </test-method> <!-- TC04_verifyOnMatchingName -->
        <test-method signature="TC05_verifyOnMatchingGender()[pri:0, instance:demo.Example1Test@74fe5c40]" started-at="2024-02-04T19:11:49 ICT" name="TC05_verifyOnMatchingGender" finished-at="2024-02-04T19:11:49 ICT" duration-ms="24" status="PASS">
          <reporter-output>
          </reporter-output>
        </test-method> <!-- TC05_verifyOnMatchingGender -->
        <test-method signature="TC06_verifyOnMatchingAge()[pri:0, instance:demo.Example1Test@74fe5c40]" started-at="2024-02-04T19:11:49 ICT" name="TC06_verifyOnMatchingAge" finished-at="2024-02-04T19:11:49 ICT" duration-ms="18" status="PASS">
          <reporter-output>
          </reporter-output>
        </test-method> <!-- TC06_verifyOnMatchingAge -->
        <test-method signature="TC07_verifyOnMatchingJob()[pri:0, instance:demo.Example1Test@74fe5c40]" started-at="2024-02-04T19:11:49 ICT" name="TC07_verifyOnMatchingJob" finished-at="2024-02-04T19:11:49 ICT" duration-ms="22" status="PASS">
          <reporter-output>
          </reporter-output>
        </test-method> <!-- TC07_verifyOnMatchingJob -->
        <test-method is-config="true" signature="afterTest()[pri:0, instance:demo.Example1Test@74fe5c40]" started-at="2024-02-04T19:11:49 ICT" name="afterTest" finished-at="2024-02-04T19:11:49 ICT" duration-ms="1" status="PASS">
          <reporter-output>
          </reporter-output>
        </test-method> <!-- afterTest -->
      </class> <!-- demo.Example1Test -->
    </test> <!-- Default test -->
  </suite> <!-- Default suite -->
</testng-results>
